[debug] [2024-02-08T20:11:34.954Z] ----------------------------------------------------------------------
[debug] [2024-02-08T20:11:34.957Z] Command:       C:\Users\Administrator\.nvm\versions\node\v20.11.0\bin\node.exe C:\Users\Administrator\AppData\Roaming\npm\node_modules\firebase-tools\lib\bin\firebase.js init
[debug] [2024-02-08T20:11:34.958Z] CLI Version:   13.2.1
[debug] [2024-02-08T20:11:34.958Z] Platform:      win32
[debug] [2024-02-08T20:11:34.958Z] Node Version:  v20.11.0
[debug] [2024-02-08T20:11:34.958Z] Time:          Fri Feb 09 2024 01:41:34 GMT+0530 (India Standard Time)
[debug] [2024-02-08T20:11:34.959Z] ----------------------------------------------------------------------
[debug] 
[debug] [2024-02-08T20:11:34.965Z] > command requires scopes: ["email","openid","https://www.googleapis.com/auth/cloudplatformprojects.readonly","https://www.googleapis.com/auth/firebase","https://www.googleapis.com/auth/cloud-platform"]
[debug] [2024-02-08T20:11:34.965Z] > authorizing via signed-in user (poovarasan101141149@gmail.com)
[info] 
     ######## #### ########  ######## ########     ###     ######  ########
     ##        ##  ##     ## ##       ##     ##  ##   ##  ##       ##
     ######    ##  ########  ######   ########  #########  ######  ######
     ##        ##  ##    ##  ##       ##     ## ##     ##       ## ##
     ##       #### ##     ## ######## ########  ##     ##  ######  ########

You're about to initialize a Firebase project in this directory:

  D:\Personal\e-commerce

[info] 
=== Project Setup
[info] 
[info] First, let's associate this project directory with a Firebase project.
[info] You can create multiple project aliases by running firebase use --add, 
[info] but for now we'll just set up a default project.
[info] 
[debug] [2024-02-08T20:12:26.834Z] >>> [apiv2][query] GET https://firebase.googleapis.com/v1beta1/projects pageSize=100
[debug] [2024-02-08T20:12:27.821Z] <<< [apiv2][status] GET https://firebase.googleapis.com/v1beta1/projects 200
[debug] [2024-02-08T20:12:27.821Z] <<< [apiv2][body] GET https://firebase.googleapis.com/v1beta1/projects [omitted]
[info] i  Using project e-commerce-3ea03 (E-commerce) 
[info] 
=== Firestore Setup
[debug] [2024-02-08T20:12:29.980Z] >>> [apiv2][query] GET https://serviceusage.googleapis.com/v1/projects/e-commerce-3ea03/services/firestore.googleapis.com [none]
[debug] [2024-02-08T20:12:29.980Z] >>> [apiv2][(partial)header] GET https://serviceusage.googleapis.com/v1/projects/e-commerce-3ea03/services/firestore.googleapis.com x-goog-quota-user=projects/e-commerce-3ea03
[debug] [2024-02-08T20:12:31.620Z] <<< [apiv2][status] GET https://serviceusage.googleapis.com/v1/projects/e-commerce-3ea03/services/firestore.googleapis.com 200
[debug] [2024-02-08T20:12:31.620Z] <<< [apiv2][body] GET https://serviceusage.googleapis.com/v1/projects/e-commerce-3ea03/services/firestore.googleapis.com [omitted]
[debug] [2024-02-08T20:12:31.620Z] >>> [apiv2][query] GET https://firestore.googleapis.com/v1/projects/e-commerce-3ea03/databases/(default) [none]
[debug] [2024-02-08T20:12:31.941Z] <<< [apiv2][status] GET https://firestore.googleapis.com/v1/projects/e-commerce-3ea03/databases/(default) 200
[debug] [2024-02-08T20:12:31.941Z] <<< [apiv2][body] GET https://firestore.googleapis.com/v1/projects/e-commerce-3ea03/databases/(default) {"name":"projects/e-commerce-3ea03/databases/(default)","uid":"402f3b08-1135-4678-ac80-c7c6f5d88e30","createTime":"2024-02-08T20:08:27.721050Z","updateTime":"2024-02-08T20:08:27.721050Z","locationId":"asia-south1","type":"FIRESTORE_NATIVE","concurrencyMode":"PESSIMISTIC","versionRetentionPeriod":"3600s","earliestVersionTime":"2024-02-08T20:08:27.721050Z","appEngineIntegrationMode":"DISABLED","keyPrefix":"j","pointInTimeRecoveryEnablement":"POINT_IN_TIME_RECOVERY_DISABLED","deleteProtectionState":"DELETE_PROTECTION_DISABLED","etag":"IMKG5t3GnIQDMNrKlf/FnIQD"}
[debug] [2024-02-08T20:12:31.942Z] database_type: FIRESTORE_NATIVE
[debug] [2024-02-08T20:12:31.942Z] > command requires scopes: ["email","openid","https://www.googleapis.com/auth/cloudplatformprojects.readonly","https://www.googleapis.com/auth/firebase","https://www.googleapis.com/auth/cloud-platform"]
[debug] [2024-02-08T20:12:31.943Z] > authorizing via signed-in user (poovarasan101141149@gmail.com)
[debug] [2024-02-08T20:12:31.943Z] [iam] checking project e-commerce-3ea03 for permissions ["firebase.projects.get"]
[debug] [2024-02-08T20:12:31.944Z] >>> [apiv2][query] POST https://cloudresourcemanager.googleapis.com/v1/projects/e-commerce-3ea03:testIamPermissions [none]
[debug] [2024-02-08T20:12:31.944Z] >>> [apiv2][(partial)header] POST https://cloudresourcemanager.googleapis.com/v1/projects/e-commerce-3ea03:testIamPermissions x-goog-quota-user=projects/e-commerce-3ea03
[debug] [2024-02-08T20:12:31.944Z] >>> [apiv2][body] POST https://cloudresourcemanager.googleapis.com/v1/projects/e-commerce-3ea03:testIamPermissions {"permissions":["firebase.projects.get"]}
[debug] [2024-02-08T20:12:33.274Z] <<< [apiv2][status] POST https://cloudresourcemanager.googleapis.com/v1/projects/e-commerce-3ea03:testIamPermissions 200
[debug] [2024-02-08T20:12:33.274Z] <<< [apiv2][body] POST https://cloudresourcemanager.googleapis.com/v1/projects/e-commerce-3ea03:testIamPermissions {"permissions":["firebase.projects.get"]}
[info] 
[info] Firestore Security Rules allow you to define how and when to allow
[info] requests. You can keep these rules in your project directory
[info] and publish them with firebase deploy.
[info] 
[debug] [2024-02-08T20:12:35.254Z] >>> [apiv2][query] GET https://firebaserules.googleapis.com/v1/projects/e-commerce-3ea03/releases pageSize=10&pageToken=
[debug] [2024-02-08T20:12:35.702Z] <<< [apiv2][status] GET https://firebaserules.googleapis.com/v1/projects/e-commerce-3ea03/releases 200
[debug] [2024-02-08T20:12:35.702Z] <<< [apiv2][body] GET https://firebaserules.googleapis.com/v1/projects/e-commerce-3ea03/releases {"releases":[{"name":"projects/e-commerce-3ea03/releases/cloud.firestore","rulesetName":"projects/e-commerce-3ea03/rulesets/6c886645-a3fb-44b7-86ad-288ece306169","createTime":"2024-02-08T20:08:37.294914Z","updateTime":"2024-02-08T20:08:37.294914Z"}]}
[debug] [2024-02-08T20:12:35.702Z] Found ruleset: projects/e-commerce-3ea03/rulesets/6c886645-a3fb-44b7-86ad-288ece306169
[debug] [2024-02-08T20:12:35.703Z] >>> [apiv2][query] GET https://firebaserules.googleapis.com/v1/projects/e-commerce-3ea03/rulesets/6c886645-a3fb-44b7-86ad-288ece306169 [none]
[debug] [2024-02-08T20:12:37.018Z] <<< [apiv2][status] GET https://firebaserules.googleapis.com/v1/projects/e-commerce-3ea03/rulesets/6c886645-a3fb-44b7-86ad-288ece306169 200
[debug] [2024-02-08T20:12:37.018Z] <<< [apiv2][body] GET https://firebaserules.googleapis.com/v1/projects/e-commerce-3ea03/rulesets/6c886645-a3fb-44b7-86ad-288ece306169 [omitted]
[info] 
[info] Firestore indexes allow you to perform complex queries while
[info] maintaining performance that scales with the size of the result
[info] set. You can keep index definitions in your project directory
[info] and publish them with firebase deploy.
[info] 
[debug] [2024-02-08T20:12:38.829Z] >>> [apiv2][query] GET https://firestore.googleapis.com/v1/projects/e-commerce-3ea03/databases/(default)/collectionGroups/-/indexes [none]
[debug] [2024-02-08T20:12:38.833Z] >>> [apiv2][query] GET https://firestore.googleapis.com/v1/projects/e-commerce-3ea03/databases/(default)/collectionGroups/-/fields?filter=indexConfig.usesAncestorConfig=false OR ttlConfig:* [none]
[debug] [2024-02-08T20:12:39.083Z] <<< [apiv2][status] GET https://firestore.googleapis.com/v1/projects/e-commerce-3ea03/databases/(default)/collectionGroups/-/indexes 200
[debug] [2024-02-08T20:12:39.084Z] <<< [apiv2][body] GET https://firestore.googleapis.com/v1/projects/e-commerce-3ea03/databases/(default)/collectionGroups/-/indexes {}
[debug] [2024-02-08T20:12:39.185Z] <<< [apiv2][status] GET https://firestore.googleapis.com/v1/projects/e-commerce-3ea03/databases/(default)/collectionGroups/-/fields?filter=indexConfig.usesAncestorConfig=false OR ttlConfig:* 200
[debug] [2024-02-08T20:12:39.185Z] <<< [apiv2][body] GET https://firestore.googleapis.com/v1/projects/e-commerce-3ea03/databases/(default)/collectionGroups/-/fields?filter=indexConfig.usesAncestorConfig=false OR ttlConfig:* {"fields":[{"name":"projects/e-commerce-3ea03/databases/(default)/collectionGroups/__default__/fields/*","indexConfig":{"indexes":[{"queryScope":"COLLECTION","fields":[{"fieldPath":"*","order":"ASCENDING"}],"state":"READY"},{"queryScope":"COLLECTION","fields":[{"fieldPath":"*","order":"DESCENDING"}],"state":"READY"},{"queryScope":"COLLECTION","fields":[{"fieldPath":"*","arrayConfig":"CONTAINS"}],"state":"READY"}]}}]}
[info] 
=== Functions Setup
[debug] [2024-02-08T20:12:39.187Z] > command requires scopes: ["email","openid","https://www.googleapis.com/auth/cloudplatformprojects.readonly","https://www.googleapis.com/auth/firebase","https://www.googleapis.com/auth/cloud-platform"]
[debug] [2024-02-08T20:12:39.187Z] > authorizing via signed-in user (poovarasan101141149@gmail.com)
[debug] [2024-02-08T20:12:39.188Z] [iam] checking project e-commerce-3ea03 for permissions ["firebase.projects.get"]
[debug] [2024-02-08T20:12:39.188Z] >>> [apiv2][query] POST https://cloudresourcemanager.googleapis.com/v1/projects/e-commerce-3ea03:testIamPermissions [none]
[debug] [2024-02-08T20:12:39.188Z] >>> [apiv2][(partial)header] POST https://cloudresourcemanager.googleapis.com/v1/projects/e-commerce-3ea03:testIamPermissions x-goog-quota-user=projects/e-commerce-3ea03
[debug] [2024-02-08T20:12:39.188Z] >>> [apiv2][body] POST https://cloudresourcemanager.googleapis.com/v1/projects/e-commerce-3ea03:testIamPermissions {"permissions":["firebase.projects.get"]}
[debug] [2024-02-08T20:12:40.433Z] <<< [apiv2][status] POST https://cloudresourcemanager.googleapis.com/v1/projects/e-commerce-3ea03:testIamPermissions 200
[debug] [2024-02-08T20:12:40.433Z] <<< [apiv2][body] POST https://cloudresourcemanager.googleapis.com/v1/projects/e-commerce-3ea03:testIamPermissions {"permissions":["firebase.projects.get"]}
[debug] [2024-02-08T20:12:40.433Z] >>> [apiv2][query] GET https://serviceusage.googleapis.com/v1/projects/e-commerce-3ea03/services/cloudfunctions.googleapis.com [none]
[debug] [2024-02-08T20:12:40.433Z] >>> [apiv2][(partial)header] GET https://serviceusage.googleapis.com/v1/projects/e-commerce-3ea03/services/cloudfunctions.googleapis.com x-goog-quota-user=projects/e-commerce-3ea03
[debug] [2024-02-08T20:12:40.435Z] >>> [apiv2][query] GET https://serviceusage.googleapis.com/v1/projects/e-commerce-3ea03/services/runtimeconfig.googleapis.com [none]
[debug] [2024-02-08T20:12:40.436Z] >>> [apiv2][(partial)header] GET https://serviceusage.googleapis.com/v1/projects/e-commerce-3ea03/services/runtimeconfig.googleapis.com x-goog-quota-user=projects/e-commerce-3ea03
[debug] [2024-02-08T20:12:42.004Z] <<< [apiv2][status] GET https://serviceusage.googleapis.com/v1/projects/e-commerce-3ea03/services/runtimeconfig.googleapis.com 200
[debug] [2024-02-08T20:12:42.004Z] <<< [apiv2][body] GET https://serviceusage.googleapis.com/v1/projects/e-commerce-3ea03/services/runtimeconfig.googleapis.com [omitted]
[debug] [2024-02-08T20:12:42.051Z] <<< [apiv2][status] GET https://serviceusage.googleapis.com/v1/projects/e-commerce-3ea03/services/cloudfunctions.googleapis.com 200
[debug] [2024-02-08T20:12:42.051Z] <<< [apiv2][body] GET https://serviceusage.googleapis.com/v1/projects/e-commerce-3ea03/services/cloudfunctions.googleapis.com [omitted]
[debug] [2024-02-08T20:12:42.052Z] >>> [apiv2][query] POST https://serviceusage.googleapis.com/v1/projects/e-commerce-3ea03/services/cloudfunctions.googleapis.com:enable [none]
[debug] [2024-02-08T20:12:42.052Z] >>> [apiv2][(partial)header] POST https://serviceusage.googleapis.com/v1/projects/e-commerce-3ea03/services/cloudfunctions.googleapis.com:enable x-goog-quota-user=projects/e-commerce-3ea03
[debug] [2024-02-08T20:12:42.770Z] <<< [apiv2][status] POST https://serviceusage.googleapis.com/v1/projects/e-commerce-3ea03/services/cloudfunctions.googleapis.com:enable 200
[debug] [2024-02-08T20:12:42.770Z] <<< [apiv2][body] POST https://serviceusage.googleapis.com/v1/projects/e-commerce-3ea03/services/cloudfunctions.googleapis.com:enable [omitted]
[debug] [2024-02-08T20:12:52.777Z] >>> [apiv2][query] GET https://serviceusage.googleapis.com/v1/projects/e-commerce-3ea03/services/cloudfunctions.googleapis.com [none]
[debug] [2024-02-08T20:12:52.777Z] >>> [apiv2][(partial)header] GET https://serviceusage.googleapis.com/v1/projects/e-commerce-3ea03/services/cloudfunctions.googleapis.com x-goog-quota-user=projects/e-commerce-3ea03
[debug] [2024-02-08T20:12:54.375Z] <<< [apiv2][status] GET https://serviceusage.googleapis.com/v1/projects/e-commerce-3ea03/services/cloudfunctions.googleapis.com 200
[debug] [2024-02-08T20:12:54.375Z] <<< [apiv2][body] GET https://serviceusage.googleapis.com/v1/projects/e-commerce-3ea03/services/cloudfunctions.googleapis.com [omitted]
[info] Let's create a new codebase for your functions.
[info] A directory corresponding to the codebase will be created in your project
[info] with sample code pre-configured.

[info] See https://firebase.google.com/docs/functions/organize-functions for
[info] more information on organizing your functions using codebases.

[info] Functions can be deployed with firebase deploy.

[info] +  Wrote functions/package.json 
[info] +  Wrote functions/.eslintrc.js 
[info] +  Wrote functions/index.js 
[info] +  Wrote functions/.gitignore 
[info] 
=== Hosting Setup
[debug] [2024-02-08T20:14:43.167Z] >>> [apiv2][query] GET https://firebase.googleapis.com/v1beta1/projects/e-commerce-3ea03 [none]
[debug] [2024-02-08T20:14:43.862Z] <<< [apiv2][status] GET https://firebase.googleapis.com/v1beta1/projects/e-commerce-3ea03 200
[debug] [2024-02-08T20:14:43.862Z] <<< [apiv2][body] GET https://firebase.googleapis.com/v1beta1/projects/e-commerce-3ea03 {"projectId":"e-commerce-3ea03","projectNumber":"281958862328","displayName":"E-commerce","name":"projects/e-commerce-3ea03","resources":{"hostingSite":"e-commerce-3ea03","realtimeDatabaseInstance":"e-commerce-3ea03-default-rtdb"},"state":"ACTIVE","etag":"1_9f16993d-7e01-4aad-99bc-e245da700b91"}
[info] 
[info] Your public directory is the folder (relative to your project directory) that
[info] will contain Hosting assets to be uploaded with firebase deploy. If you
[info] have a build process for your assets, use your build's output directory.
[info] 
[info] +  Wrote public/404.html 
[debug] [2024-02-08T20:15:10.887Z] >>> [apiv2][query] GET https://www.gstatic.com/firebasejs/releases.json [none]
[debug] [2024-02-08T20:15:10.998Z] <<< [apiv2][status] GET https://www.gstatic.com/firebasejs/releases.json 200
[debug] [2024-02-08T20:15:10.998Z] <<< [apiv2][body] GET https://www.gstatic.com/firebasejs/releases.json {"current":{"version":"10.8.0","browserURL":"https://www.gstatic.com/firebasejs/10.8.0/firebase.js","packageURL":"https://www.gstatic.com/firebasejs/10.8.0/firebase.tgz"},"live":{"version":"10.8","browserURL":"https://www.gstatic.com/firebasejs/live/10.8/firebase.js","packageURL":"https://www.gstatic.com/firebasejs/live/10.8/firebase.tgz"},"components":{"analytics":"https://www.gstatic.com/firebasejs/10.8.0/firebase-analytics.js","app":"https://www.gstatic.com/firebasejs/10.8.0/firebase-app.js","app-check":"https://www.gstatic.com/firebasejs/10.8.0/firebase-app-check.js","auth":"https://www.gstatic.com/firebasejs/10.8.0/firebase-auth.js","auth/cordova":"https://www.gstatic.com/firebasejs/10.8.0/firebase-auth/cordova.js","auth/web-extension":"https://www.gstatic.com/firebasejs/10.8.0/firebase-auth/web-extension.js","functions":"https://www.gstatic.com/firebasejs/10.8.0/firebase-functions.js","firestore":"https://www.gstatic.com/firebasejs/10.8.0/firebase-firestore.js","firestore/lite":"https://www.gstatic.com/firebasejs/10.8.0/firebase-firestore/lite.js","installations":"https://www.gstatic.com/firebasejs/10.8.0/firebase-installations.js","storage":"https://www.gstatic.com/firebasejs/10.8.0/firebase-storage.js","performance":"https://www.gstatic.com/firebasejs/10.8.0/firebase-performance.js","remote-config":"https://www.gstatic.com/firebasejs/10.8.0/firebase-remote-config.js","messaging":"https://www.gstatic.com/firebasejs/10.8.0/firebase-messaging.js","messaging/sw":"https://www.gstatic.com/firebasejs/10.8.0/firebase-messaging/sw.js","database":"https://www.gstatic.com/firebasejs/10.8.0/firebase-database.js","firestore.memory":"https://www.gstatic.com/firebasejs/10.8.0/firebase-firestore.memory.js"}}
[info] +  Wrote public/index.html 
[info] 
[info] i  Detected a .git folder at D:\Personal\e-commerce 
[info] i  Authorizing with GitHub to upload your service account to a GitHub repository's secrets store. 
[info] 
[info] Visit this URL on this device to log in:
[info] https://github.com/login/oauth/authorize?client_id=89cf50f02ac6aaed3484&state=713186335&redirect_uri=http%3A%2F%2Flocalhost%3A9005&scope=read%3Auser%20repo%20public_repo
[info] 
[info] Waiting for authentication...
[debug] [2024-02-08T20:15:17.867Z] >>> [apiv2][query] POST https://github.com/login/oauth/access_token [none]
[debug] [2024-02-08T20:15:17.867Z] >>> [apiv2][body] POST https://github.com/login/oauth/access_token [stream]
[debug] [2024-02-08T20:15:18.376Z] <<< [apiv2][status] POST https://github.com/login/oauth/access_token 200
[debug] [2024-02-08T20:15:18.377Z] <<< [apiv2][body] POST https://github.com/login/oauth/access_token {"access_token":"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","token_type":"bearer","scope":"read:user,repo"}
[debug] [2024-02-08T20:15:18.407Z] >>> [apiv2][query] GET https://api.github.com/user [none]
[debug] [2024-02-08T20:15:18.842Z] <<< [apiv2][status] GET https://api.github.com/user 200
[debug] [2024-02-08T20:15:18.843Z] <<< [apiv2][body] GET https://api.github.com/user {"login":"PoovarasanChandrasekaran","id":101884979,"node_id":"U_kgDOBhKkMw","avatar_url":"https://avatars.githubusercontent.com/u/101884979?v=4","gravatar_id":"","url":"https://api.github.com/users/PoovarasanChandrasekaran","html_url":"https://github.com/PoovarasanChandrasekaran","followers_url":"https://api.github.com/users/PoovarasanChandrasekaran/followers","following_url":"https://api.github.com/users/PoovarasanChandrasekaran/following{/other_user}","gists_url":"https://api.github.com/users/PoovarasanChandrasekaran/gists{/gist_id}","starred_url":"https://api.github.com/users/PoovarasanChandrasekaran/starred{/owner}{/repo}","subscriptions_url":"https://api.github.com/users/PoovarasanChandrasekaran/subscriptions","organizations_url":"https://api.github.com/users/PoovarasanChandrasekaran/orgs","repos_url":"https://api.github.com/users/PoovarasanChandrasekaran/repos","events_url":"https://api.github.com/users/PoovarasanChandrasekaran/events{/privacy}","received_events_url":"https://api.github.com/users/PoovarasanChandrasekaran/received_events","type":"User","site_admin":false,"name":null,"company":null,"blog":"","location":null,"email":null,"hireable":null,"bio":null,"twitter_username":null,"public_repos":7,"public_gists":0,"followers":0,"following":1,"created_at":"2022-03-18T15:31:26Z","updated_at":"2024-02-08T19:25:05Z","private_gists":0,"total_private_repos":2,"owned_private_repos":2,"disk_usage":6590,"collaborators":0,"two_factor_authentication":false,"plan":{"name":"free","space":976562499,"collaborators":0,"private_repos":10000}}
[info] 
[info] +  Success! Logged into GitHub as PoovarasanChandrasekaran 
[info] 
[debug] [2024-02-08T20:15:28.692Z] >>> [apiv2][query] GET https://api.github.com/repos//actions/secrets/public-key type=owner
[debug] [2024-02-08T20:15:29.037Z] <<< [apiv2][status] GET https://api.github.com/repos//actions/secrets/public-key 404
[debug] [2024-02-08T20:15:29.037Z] <<< [apiv2][body] GET https://api.github.com/repos//actions/secrets/public-key {"message":"Not Found","documentation_url":"https://docs.github.com/rest"}
[info] 
[info] 
[error] !  The provided authorization cannot be used with this repository. If this repository is in an organization, did you remember to grant access? 
[info] 
[info] i  Action required: Visit this URL to ensure access has been granted to the appropriate organization(s) for the Firebase CLI GitHub OAuth App: 
[info] https://github.com/settings/connections/applications/89cf50f02ac6aaed3484
[info] 
